This is pdfTeX, Version 3.141592653-2.6-1.40.24 (MiKTeX 22.8) (preloaded format=pdflatex 2022.8.17)  2 OCT 2022 17:39
entering extended mode
 restricted \write18 enabled.
 file:line:error style messages enabled.
 %&-line parsing enabled.
**c:/Users/ricar/Documents/GitHub/anabela_santiago/eu_sou_eu/eu_sou_eu.tex
(c:/Users/ricar/Documents/GitHub/anabela_santiago/eu_sou_eu/eu_sou_eu.tex
LaTeX2e <2022-06-01> patch level 5
L3 programming layer <2022-08-05> (C:\Users\ricar\AppData\Local\Programs\MiKTeX\tex/latex/memoir\memoir.cls
Document Class: memoir 2022/07/29 v3.7r configurable book, report, article document class
(C:\Users\ricar\AppData\Local\Programs\MiKTeX\tex/latex/etoolbox\etoolbox.sty
Package: etoolbox 2020/10/05 v2.5k e-TeX tools for LaTeX (JAW)
\etb@tempcnta=\count185
)
\onelineskip=\skip47
\lxvchars=\skip48
\xlvchars=\skip49
\@memcnta=\count186
\c@@memmarkcntra=\count187
 (C:\Users\ricar\AppData\Local\Programs\MiKTeX\tex/generic/iftex\iftex.sty
Package: iftex 2022/02/03 v1.0f TeX engine tests
)
\stockheight=\skip50
\stockwidth=\skip51
\trimtop=\skip52
\trimedge=\skip53
 (C:\Users\ricar\AppData\Local\Programs\MiKTeX\tex/latex/memoir\mem12.clo
File: mem12.clo 2022/07/29 v0.5 memoir class 12pt size option
)
\binding=\skip54
\spinemargin=\skip55
\foremargin=\skip56
\uppermargin=\skip57
\lowermargin=\skip58
\headdrop=\skip59
\normalrulethickness=\skip60
\mem@maxheadheight=\skip61
\mem@maxfootheight=\skip62
\headwidth=\skip63
\c@storedpagenumber=\count188
\memPD=\dimen138
\m@mabparskip=\skip64
\thanksmarkwidth=\skip65
\thanksmarksep=\skip66
\droptitle=\skip67
\c@book=\count189
\c@part=\count190
\c@chapter=\count191
\c@section=\count192
\c@subsection=\count193
\c@subsubsection=\count194
\c@paragraph=\count195
\c@subparagraph=\count196
\beforechapskip=\skip68
\midchapskip=\skip69
\afterchapskip=\skip70
\chapindent=\skip71
\bottomsectionskip=\skip72
\secindent=\skip73
\beforesecskip=\skip74
\aftersecskip=\skip75
\subsecindent=\skip76
\beforesubsecskip=\skip77
\aftersubsecskip=\skip78
\subsubsecindent=\skip79
\beforesubsubsecskip=\skip80
\aftersubsubsecskip=\skip81
\paraindent=\skip82
\beforeparaskip=\skip83
\afterparaskip=\skip84
\subparaindent=\skip85
\beforesubparaskip=\skip86
\aftersubparaskip=\skip87
\pfbreakskip=\skip88
\c@@ppsavesec=\count197
\c@@ppsaveapp=\count198
\ragrparindent=\dimen139
\everylistparindent=\dimen140
\parsepi=\skip89
\topsepi=\skip90
\itemsepi=\skip91
\parsepii=\skip92
\topsepii=\skip93
\topsepiii=\skip94
\itemsepii=\skip95
\itemsepiii=\skip96
\partopsepii=\skip97
\partopsepiii=\skip98
\m@msavetopsep=\skip99
\m@msavepartopsep=\skip100
\@enLab=\toks16
\abstitleskip=\skip101
\absleftindent=\skip102
\abs@leftindent=\dimen141
\absrightindent=\skip103
\absparindent=\skip104
\absparsep=\skip105
\c@vslineno=\count199
\c@poemline=\count266
\c@modulo@vs=\count267
\c@memfvsline=\count268
\vleftskip=\skip106
\vrightskip=\skip107
\stanzaskip=\skip108
\versewidth=\skip109
\vgap=\skip110
\vindent=\skip111
\vleftmargin=\dimen142
\c@verse=\count269
\c@chrsinstr=\count270
\beforepoemtitleskip=\skip112
\afterpoemtitleskip=\skip113
\c@poem=\count271
\beforePoemTitleskip=\skip114
\midPoemTitleskip=\skip115
\afterPoemTitleskip=\skip116
 (C:\Users\ricar\AppData\Local\Programs\MiKTeX\tex/latex/tools\array.sty
Package: array 2021/10/04 v2.5f Tabular extension package (FMi)
\col@sep=\dimen143
\ar@mcellbox=\box51
\extrarowheight=\dimen144
\NC@list=\toks17
\extratabsurround=\skip117
\backup@length=\skip118
\ar@cellbox=\box52
) (C:\Users\ricar\AppData\Local\Programs\MiKTeX\tex/latex/tools\dcolumn.sty
Package: dcolumn 2014/10/28 v1.06 decimal alignment package (DPC)
) (C:\Users\ricar\AppData\Local\Programs\MiKTeX\tex/latex/tools\delarray.sty
Package: delarray 2014/10/28 v1.01 array delimiter package (DPC)
) (C:\Users\ricar\AppData\Local\Programs\MiKTeX\tex/latex/tools\tabularx.sty
Package: tabularx 2020/01/15 v2.11c `tabularx' package (DPC)
\TX@col@width=\dimen145
\TX@old@table=\dimen146
\TX@old@col=\dimen147
\TX@target=\dimen148
\TX@delta=\dimen149
\TX@cols=\count272
\TX@ftn=\toks18
)
\heavyrulewidth=\dimen150
\lightrulewidth=\dimen151
\cmidrulewidth=\dimen152
\belowrulesep=\dimen153
\belowbottomsep=\dimen154
\aboverulesep=\dimen155
\abovetopsep=\dimen156
\cmidrulesep=\dimen157
\cmidrulekern=\dimen158
\defaultaddspace=\dimen159
\@cmidla=\count273
\@cmidlb=\count274
\@aboverulesep=\dimen160
\@belowrulesep=\dimen161
\@thisruleclass=\count275
\@lastruleclass=\count276
\@thisrulewidth=\dimen162
\ctableftskip=\skip119
\ctabrightskip=\skip120
\abovecolumnspenalty=\count277
\@linestogo=\count278
\@cellstogo=\count279
\@cellsincolumn=\count280
\crtok=\toks19
\@mincolumnwidth=\dimen163
\c@newflo@tctr=\count281
\mem@margin@floatbox=\box53
\@contcwidth=\skip121
\@contindw=\skip122
\abovecaptionskip=\skip123
\belowcaptionskip=\skip124
\subfloattopskip=\skip125
\subfloatcapskip=\skip126
\subfloatcaptopadj=\skip127
\subfloatbottomskip=\skip128
\subfloatlabelskip=\skip129
\subfloatcapmargin=\dimen164
\c@@contsubnum=\count282
\m@mscap@capbox=\box54
\m@mscap@fbox=\box55
\sidecapsep=\dimen165
\sidecapwidth=\dimen166
\m@m@tempdima=\dimen167
\m@mscapraise=\dimen168
\sidecapraise=\dimen169
\m@mscapmainwidth=\dimen170
\m@mscaplkern=\dimen171
\beforeepigraphskip=\skip130
\afterepigraphskip=\skip131
\epigraphwidth=\skip132
\epigraphrule=\skip133
LaTeX Info: Redefining \em on input line 7655.
LaTeX Info: Redefining \emph on input line 7663.
\tocentryskip=\skip134
\tocbaseline=\skip135
\cftparskip=\skip136
\cftbeforebookskip=\skip137
\cftbookindent=\dimen172
\cftbooknumwidth=\dimen173
\cftbeforepartskip=\skip138
\cftpartindent=\skip139
\cftpartnumwidth=\skip140
\cftbeforechapterskip=\skip141
\cftchapterindent=\skip142
\cftchapternumwidth=\skip143
\cftbeforesectionskip=\skip144
\cftsectionindent=\skip145
\cftsectionnumwidth=\skip146
\cftbeforesubsectionskip=\skip147
\cftsubsectionindent=\skip148
\cftsubsectionnumwidth=\skip149
\cftbeforesubsubsectionskip=\skip150
\cftsubsubsectionindent=\skip151
\cftsubsubsectionnumwidth=\skip152
\cftbeforeparagraphskip=\skip153
\cftparagraphindent=\skip154
\cftparagraphnumwidth=\skip155
\cftbeforesubparagraphskip=\skip156
\cftsubparagraphindent=\skip157
\cftsubparagraphnumwidth=\skip158
\prechapterprecisshift=\dimen174
\c@maxsecnumdepth=\count283
\bibindent=\dimen175
\bibitemsep=\skip159
\indexcolsep=\skip160
\indexrule=\skip161
\indexmarkstyle=\toks20
\@indexbox=\insert252
\glossarycolsep=\dimen176
\glossaryrule=\dimen177
\sideparvshift=\skip162
\sideins=\insert251
\sidebartopsep=\skip163
\sidebarhsep=\skip164
\sidebarvsep=\skip165
\sidebarwidth=\skip166
\footmarkwidth=\skip167
\footmarksep=\skip168
\footparindent=\skip169
\footinsdim=\skip170
\footinsv@r=\insert250
\@mpfootinsv@r=\insert249
\m@m@k=\count284
\m@m@h=\dimen178
\m@mipn@skip=\skip171
\sidefootins=\insert248
\sidefootadjust=\skip172
\sidefootheight=\skip173
\sidefoothsep=\skip174
\sidefootvsep=\skip175
\sidefootwidth=\skip176
\m@mdownsf=\skip177
\c@sidefootnote=\count285
\sidefootmarkwidth=\skip178
\sidefootmarksep=\skip179
\sidefootparindent=\skip180
\c@pagenote=\count286
\c@pagenoteshadow=\count287
\mem@pn@lastkern=\skip181
\every@verbatim=\toks21
\afterevery@verbatim=\toks22
\verbatim@line=\toks23
\tab@position=\count288
\verbatim@in@stream=\read2
\verbatimindent=\skip182
\verbatim@out=\write3
\bvboxsep=\skip183
\c@memfbvline=\count289
\c@bvlinectr=\count290
\bvnumlength=\skip184
\fb@frw=\dimen179
\fb@frh=\dimen180
\FrameRule=\dimen181
\FrameSep=\dimen182
\c@cp@cntr=\count291
\c@ism@mctr=\count292
\c@xsm@mctr=\count293
\c@csm@mctr=\count294
\c@ksm@mctr=\count295
\c@xksm@mctr=\count296
\c@cksm@mctr=\count297
\c@msm@mctr=\count298
\c@xmsm@mctr=\count299
\c@cmsm@mctr=\count300
\c@bsm@mctr=\count301
\c@workm@mctr=\count302
\c@sheetsequence=\count303
\c@lastsheet=\count304
\c@lastpage=\count305
 (C:\Users\ricar\AppData\Local\Programs\MiKTeX\tex/latex/textcase\textcase.sty
Package: textcase 2022/07/10 v1.03 Text only upper/lower case changing (DPC)
Package textcase Info: Defining Legacy names on input line 20.
)
\c@figure=\count306
\c@lofdepth=\count307
\cftbeforefigureskip=\skip185
\cftfigureindent=\skip186
\cftfigurenumwidth=\skip187
\c@table=\count308
\c@lotdepth=\count309
\cftbeforetableskip=\skip188
\cfttableindent=\skip189
\cfttablenumwidth=\skip190
Package abstract [2008/07/23] emulated by memoir.
Package appendix [2008/07/23] emulated by memoir.
Package booktabs [2016/05/16] emulated by memoir.
Package ccaption [2008/07/23] emulated by memoir.
Package changepage [2008/07/23] emulated by memoir.
Package chngcntr [2008/07/23] emulated by memoir.
Package chngpage [2008/07/23] emulated by memoir.
Package crop emulated by memoir.
Package enumerate [2008/07/23] emulated by memoir.
Package epigraph [2008/07/23] emulated by memoir.
Package ifmtarg [2008/07/23] emulated by memoir.
Package index [2008/07/23] emulated by memoir.
Package makeidx [2008/07/23] emulated by memoir.
Package moreverb [2008/07/23] emulated by memoir.
Package needspace [2008/07/23] emulated by memoir.
Package newfile [2008/07/23] emulated by memoir.
Package nextpage [2008/07/23] emulated by memoir.
Package pagenote [2008/07/23] emulated by memoir.
Package parskip [2008/07/23] emulated by memoir.
Package patchcmd [2008/07/23] emulated by memoir.
Package setspace [2008/07/23] emulated by memoir.
Package shortvrb [2008/07/23] emulated by memoir.
Package showidx [2008/07/23] emulated by memoir.
Package titleref [2008/07/23] emulated by memoir.
Package titling [2008/07/23] emulated by memoir.
Package tocbibind [2008/07/23] emulated by memoir.
Package tocloft [2008/07/23] emulated by memoir.
Package tocvsec2 [2008/07/23] emulated by memoir.
Package verbatim [2008/07/23] emulated by memoir.
Package verse [2008/07/23] emulated by memoir.
) (C:\Users\ricar\AppData\Local\Programs\MiKTeX\tex/latex/base\inputenc.sty
Package: inputenc 2021/02/14 v1.3d Input encoding file
\inpenc@prehook=\toks24
\inpenc@posthook=\toks25
) (C:\Users\ricar\AppData\Local\Programs\MiKTeX\tex/latex/graphics\graphicx.sty
Package: graphicx 2021/09/16 v1.2d Enhanced LaTeX Graphics (DPC,SPQR)
 (C:\Users\ricar\AppData\Local\Programs\MiKTeX\tex/latex/graphics\keyval.sty
Package: keyval 2022/05/29 v1.15 key=value parser (DPC)
\KV@toks@=\toks26
) (C:\Users\ricar\AppData\Local\Programs\MiKTeX\tex/latex/graphics\graphics.sty
Package: graphics 2022/03/10 v1.4e Standard LaTeX Graphics (DPC,SPQR)
 (C:\Users\ricar\AppData\Local\Programs\MiKTeX\tex/latex/graphics\trig.sty
Package: trig 2021/08/11 v1.11 sin cos tan (DPC)
) (C:\Users\ricar\AppData\Local\Programs\MiKTeX\tex/latex/graphics-cfg\graphics.cfg
File: graphics.cfg 2016/06/04 v1.11 sample graphics configuration
)
Package graphics Info: Driver file: pdftex.def on input line 107.
 (C:\Users\ricar\AppData\Local\Programs\MiKTeX\tex/latex/graphics-def\pdftex.def
File: pdftex.def 2020/10/05 v1.2a Graphics/color driver for pdftex
))
\Gin@req@height=\dimen183
\Gin@req@width=\dimen184
) (C:\Users\ricar\AppData\Local\Programs\MiKTeX\tex/latex/hyphenat\hyphenat.sty
Package: hyphenat 2009/09/02 v2.3c hyphenation utilities
\langwohyphens=\language79
LaTeX Info: Redefining \_ on input line 43.
) (C:\Users\ricar\AppData\Local\Programs\MiKTeX\tex/latex/l3backend\l3backend-pdftex.def
File: l3backend-pdftex.def 2022-08-05 L3 backend support: PDF output (pdfTeX)
\l__color_backend_stack_int=\count310
\l__pdf_internal_box=\box56
) (eu_sou_eu.aux)
\openout1 = `eu_sou_eu.aux'.

LaTeX Font Info:    Checking defaults for OML/cmm/m/it on input line 27.
LaTeX Font Info:    ... okay on input line 27.
LaTeX Font Info:    Checking defaults for OMS/cmsy/m/n on input line 27.
LaTeX Font Info:    ... okay on input line 27.
LaTeX Font Info:    Checking defaults for OT1/cmr/m/n on input line 27.
LaTeX Font Info:    ... okay on input line 27.
LaTeX Font Info:    Checking defaults for T1/cmr/m/n on input line 27.
LaTeX Font Info:    ... okay on input line 27.
LaTeX Font Info:    Checking defaults for TS1/cmr/m/n on input line 27.
LaTeX Font Info:    ... okay on input line 27.
LaTeX Font Info:    Checking defaults for OMX/cmex/m/n on input line 27.
LaTeX Font Info:    ... okay on input line 27.
LaTeX Font Info:    Checking defaults for U/cmr/m/n on input line 27.
LaTeX Font Info:    ... okay on input line 27.
 (C:\Users\ricar\AppData\Local\Programs\MiKTeX\tex/context/base/mkii\supp-pdf.mkii
[Loading MPS to PDF converter (version 2006.09.02).]
\scratchcounter=\count311
\scratchdimen=\dimen185
\scratchbox=\box57
\nofMPsegments=\count312
\nofMParguments=\count313
\everyMPshowfont=\toks27
\MPscratchCnt=\count314
\MPscratchDim=\dimen186
\MPnumerator=\count315
\makeMPintoPDFobject=\count316
\everyMPtoPDFconversion=\toks28
) (C:\Users\ricar\AppData\Local\Programs\MiKTeX\tex/latex/epstopdf-pkg\epstopdf-base.sty
Package: epstopdf-base 2020-01-24 v2.11 Base part for package epstopdf
 (C:\Users\ricar\AppData\Local\Programs\MiKTeX\tex/generic/infwarerr\infwarerr.sty
Package: infwarerr 2019/12/03 v1.5 Providing info/warning/error messages (HO)
) (C:\Users\ricar\AppData\Local\Programs\MiKTeX\tex/latex/grfext\grfext.sty
Package: grfext 2019/12/03 v1.3 Manage graphics extensions (HO)
 (C:\Users\ricar\AppData\Local\Programs\MiKTeX\tex/generic/kvdefinekeys\kvdefinekeys.sty
Package: kvdefinekeys 2019-12-19 v1.6 Define keys (HO)
)) (C:\Users\ricar\AppData\Local\Programs\MiKTeX\tex/latex/kvoptions\kvoptions.sty
Package: kvoptions 2022-06-15 v3.15 Key value format for package options (HO)
 (C:\Users\ricar\AppData\Local\Programs\MiKTeX\tex/generic/ltxcmds\ltxcmds.sty
Package: ltxcmds 2020-05-10 v1.25 LaTeX kernel commands for general use (HO)
) (C:\Users\ricar\AppData\Local\Programs\MiKTeX\tex/generic/kvsetkeys\kvsetkeys.sty
Package: kvsetkeys 2019/12/15 v1.18 Key value parser (HO)
)) (C:\Users\ricar\AppData\Local\Programs\MiKTeX\tex/generic/pdftexcmds\pdftexcmds.sty
Package: pdftexcmds 2020-06-27 v0.33 Utility functions of pdfTeX for LuaTeX (HO)
Package pdftexcmds Info: \pdf@primitive is available.
Package pdftexcmds Info: \pdf@ifprimitive is available.
Package pdftexcmds Info: \pdfdraftmode found.
)
Package epstopdf-base Info: Redefining graphics rule for `.eps' on input line 485.
Package grfext Info: Graphics extension search list:
(grfext)             [.pdf,.png,.jpg,.mps,.jpeg,.jbig2,.jb2,.PDF,.PNG,.JPG,.JPEG,.JBIG2,.JB2,.eps]
(grfext)             \AppendGraphicsExtensions on input line 504.
 (C:\Users\ricar\AppData\Local\Programs\MiKTeX\tex/latex/00miktex\epstopdf-sys.cfg
File: epstopdf-sys.cfg 2021/03/18 v2.0 Configuration of epstopdf for MiKTeX
))
LaTeX Font Info:    External font `cmex10' loaded for size
(Font)              <14.4> on input line 31.
LaTeX Font Info:    External font `cmex10' loaded for size
(Font)              <7> on input line 31.
<images//capa.jpg, id=1, 426.7215pt x 325.872pt>
File: images//capa.jpg Graphic file (type jpg)
<use images//capa.jpg>
Package pdftex.def Info: images//capa.jpg  used on input line 31.
(pdftex.def)             Requested size: 433.62pt x 331.13695pt.

Overfull \hbox (62.62001pt too wide) in paragraph at lines 31--31
 [] 
 []

[1


{C:/Users/ricar/AppData/Local/MiKTeX/fonts/map/pdftex/pdftex.map} <./images//capa.jpg>] [2] [3] [4] (eu_sou_eu.toc
LaTeX Font Info:    External font `cmex10' loaded for size
(Font)              <12> on input line 1.
LaTeX Font Info:    External font `cmex10' loaded for size
(Font)              <8> on input line 1.
LaTeX Font Info:    External font `cmex10' loaded for size
(Font)              <6> on input line 1.
) [5] [6] (elements/prologo.tex
Overfull \hbox (23.58748pt too wide) in paragraph at lines 5--6
\OT1/cmr/m/n/12 Fi-los, Classes, Or-dens, Fam^^S^^Plias, G^^Seneros e Esp^^Secies, to-dos in-ter-agem, con-fi-na-dos
 []

) [1


] [2

] (elements/a_chegada_ao_jardim.tex [3]
<images//jardim.png, id=35, 250.0542pt x 184.5294pt>
File: images//jardim.png Graphic file (type png)
<use images//jardim.png>
Package pdftex.def Info: images//jardim.png  used on input line 47.
(pdftex.def)             Requested size: 287.25pt x 211.99597pt.

Overfull \hbox (4.70245pt too wide) in paragraph at lines 55--56
[]\OT1/cmr/m/n/12 | Ol-hem que bolin-has es-tran-has! { diz uma la-garta que rasteja apres-sada
 []

[4 <./images//jardim.png>]
Overfull \hbox (0.3724pt too wide) in paragraph at lines 65--66
\OT1/cmr/m/n/12 al-guma coisa fora do co-mum acon-tece, re^^Sunem-se sem-pre e como de cos-tume,
 []

) [5] [6

] (elements/quem_sou_eu.tex
Overfull \hbox (11.20424pt too wide) in paragraph at lines 19--20
[]\OT1/cmr/m/n/12 Uma aber-tura come^^Xca a sur-gir na parte da bola vi-rada para os ob-ser-vadores
 []

[7]
Overfull \hbox (8.26964pt too wide) in paragraph at lines 35--36
[]\OT1/cmr/m/n/12 O mar dos bicharo-cos avan^^Xca um passo em frente, atra^^S^^Pdo pela cu-riosi-dade. 
 []

<images//bolha.jpg, id=51, 2360.82pt x 1800.7275pt>
File: images//bolha.jpg Graphic file (type jpg)
<use images//bolha.jpg>
Package pdftex.def Info: images//bolha.jpg  used on input line 39.
(pdftex.def)             Requested size: 287.25pt x 219.10043pt.

Overfull \hbox (23.38051pt too wide) in paragraph at lines 48--49
[]\OT1/cmr/m/n/12 De modo a n~ao se atra-pal-harem uns aos out-ros, rap-i-da-mente fica de-ter-mi-nado
 []


Overfull \hbox (13.22783pt too wide) in paragraph at lines 50--51
[]\OT1/cmr/m/n/12 Mas antes de ini-ciar as re-spostas ^^Ras \mil-hen-tas" quest~oes que j^^Sa bor-bul-ham,
 []

[8 <./images//bolha.jpg>] [9]
Overfull \hbox (9.57648pt too wide) in paragraph at lines 105--106
[]\OT1/cmr/m/n/12 Ora bem, a^^S^^P est^^Sa uma per-gunta im-por-tante cuja re-sposta vai trans-port^^Sa-los
 []

[10]
Overfull \hbox (17.8625pt too wide) in paragraph at lines 135--136
[]\OT1/cmr/m/n/12 Mas quando cheg-amos perto, revela-nos a mag-nific^encia dos seus con-ti-nentes
 []

<images//estrela.png, id=61, 437.4744pt x 306.9066pt>
File: images//estrela.png Graphic file (type png)
<use images//estrela.png>
Package pdftex.def Info: images//estrela.png  used on input line 150.
(pdftex.def)             Requested size: 325.55234pt x 228.39046pt.
) [11 <./images//estrela.png>] [12

] (elements/a_porta_da_casa_abre_se.tex
Overfull \hbox (18.90694pt too wide) in paragraph at lines 4--5
[]\OT1/cmr/m/n/12 Mas, quando elas quando apare-cem, s~ao sem-pre um deleite e uma com-pan-hia
 []

<images//ave.png, id=69, 244.7544pt x 184.5294pt>
File: images//ave.png Graphic file (type png)
<use images//ave.png>
Package pdftex.def Info: images//ave.png  used on input line 26.
(pdftex.def)             Requested size: 325.55234pt x 245.44917pt.

LaTeX Warning: `h' float specifier changed to `ht'.

[13]
Overfull \hbox (18.55pt too wide) in paragraph at lines 47--48
[]\OT1/cmr/m/n/12 Perante esta afirma^^Xc~ao, os in-se-tos come^^Xcam a espre-itar dos seus es-con-der-i-jos. 
 []


Overfull \hbox (4.41542pt too wide) in paragraph at lines 49--50
[]\OT1/cmr/m/n/12 Novamente, e com muita or-dem, os lu-gares da re-uni~ao de-baixo do can-teiro
 []


Overfull \hbox (14.22874pt too wide) in paragraph at lines 55--56
\OT1/cmr/m/n/12 ati-ram terra ou ^^Sagua so-bre o lo-cal onde nos en-con-tramos. []As vezes con-seguimos
 []

[14 <./images//ave.png>] [15]
<images//menina.jpg, id=81, 198.7425pt x 133.371pt>
File: images//menina.jpg Graphic file (type jpg)
<use images//menina.jpg>
Package pdftex.def Info: images//menina.jpg  used on input line 93.
(pdftex.def)             Requested size: 325.55234pt x 218.49377pt.
) [16 <./images//menina.jpg>] (elements/no_mundo_da_lua.tex
Overfull \hbox (4.66774pt too wide) in paragraph at lines 5--6
\OT1/cmr/m/n/12 emo^^Xc~oes que v~ao sentindo. Riem, choram, fi-cam s^^Serios e por vezes prague-jam.
 []


Overfull \hbox (32.61513pt too wide) in paragraph at lines 5--6
\OT1/cmr/m/n/12 Nes-sas al-turas nem eles se en-ten-dem, porque rara-mente se si-len-ciam, permitindo-se
 []


Overfull \hbox (19.51619pt too wide) in paragraph at lines 5--6
\OT1/cmr/m/n/12 ou-vir o que lhes ^^Se dito. Atropelam-se com os pr^^Soprios pen-sa-men-tos desnortea-dos
 []

[17

]) [18] (elements/o_porque_da_escolha_deste_jardim.tex
Overfull \hbox (42.86363pt too wide) in paragraph at lines 7--8
[]\OT1/cmr/m/n/12 As cores desta mis-tura fi-cam bran-das, vis^^S^^Pveis, mas sem estarem in-di-vid-u-al-izadas.
 []

[19

]
<images//deitados.png, id=95, 252.945pt x 184.5294pt>
File: images//deitados.png Graphic file (type png)
<use images//deitados.png>
Package pdftex.def Info: images//deitados.png  used on input line 30.
(pdftex.def)             Requested size: 325.55234pt x 237.5033pt.

Overfull \hbox (18.73703pt too wide) in paragraph at lines 41--42
[]\OT1/cmr/m/n/12 | Os hu-manos n~ao t^em essa frequ^encia. Tudo o que para eles ^^Se de-scon-hecido
 []

[20 <./images//deitados.png>] [21]
Overfull \hbox (17.46667pt too wide) in paragraph at lines 83--84
\OT1/cmr/m/n/12 Mant^^Sem-nos em Unidade quando vi-a-jamos para mun-dos desli-ga-dos, du-alit^^Sarios,
 []

<images//arco_iris.png, id=103, 252.945pt x 184.5294pt>
File: images//arco_iris.png Graphic file (type png)
<use images//arco_iris.png>
Package pdftex.def Info: images//arco_iris.png  used on input line 97.
(pdftex.def)             Requested size: 325.55234pt x 237.5033pt.

LaTeX Warning: `h' float specifier changed to `ht'.

[22]
Overfull \hbox (19.85555pt too wide) in paragraph at lines 111--112
[]\OT1/cmr/m/n/12 | Por-tanto, aqui na Terra, se os hu-manos con-seguis-sem atin-gir men-tal-mente
 []


Overfull \hbox (12.057pt too wide) in paragraph at lines 111--112
\OT1/cmr/m/n/12 o que sig-nifica es-tar mas-carado, ter forma, que n~ao ^^Se mais que uma brin-cadeira,
 []

)
Overfull \hbox (4.77524pt too wide) in paragraph at lines 119--97
[]\OT1/cmr/m/n/12 E a menina, de p^^Ses descal^^Xcos, entrega-se com prazer ao mo-mento pre-sente.
 []


Underfull \hbox (badness 10000) in paragraph at lines 119--97

 []

[23 <./images//arco_iris.png>] [24

] (elements/uma_viagem_pelos_reinos.tex
Overfull \hbox (4.45015pt too wide) in paragraph at lines 14--15
[]\OT1/cmr/m/n/12 Possuir Sabedo-ria ^^Se ter con-sci^encia disso, res-pi-rando e as-pi-rando re-gres-sar
 []

[25]
Overfull \hbox (33.04022pt too wide) in paragraph at lines 64--65
[]\OT1/cmr/m/n/12 E as ^^Sarvores mag-nif-i-centes, naquele mo-mento, assumem-se como rep-re-sen-tantes
 []

[26]
Overfull \hbox (0.76407pt too wide) in paragraph at lines 92--93
[]\OT1/cmr/m/n/12 Os hu-manos que habitam a Terra, e est~ao unidos pelo Cora^^Xc~ao, sentem-se
 []

[27]
Overfull \hbox (12.0223pt too wide) in paragraph at lines 96--97
[]\OT1/cmr/m/n/12 T^em Con-sci^encia de Si, vivem a ver-dadeira Liber-dade em seus pen-sa-men-tos
 []


Overfull \hbox (11.57748pt too wide) in paragraph at lines 127--128
[]\OT1/cmr/m/n/12 O Reino Min-eral ^^Se o al-icerce do mundo. Am-para com solidez as con-stru^^Xc~oes
 []

[28]
<images//bolhas.png, id=127, 275.1078pt x 184.5294pt>
File: images//bolhas.png Graphic file (type png)
<use images//bolhas.png>
Package pdftex.def Info: images//bolhas.png  used on input line 145.
(pdftex.def)             Requested size: 325.55234pt x 218.3735pt.

Overfull \hbox (39.78035pt too wide) in paragraph at lines 148--149
[]\OT1/cmr/m/n/12 Gera-se uma con-fus~ao no c^^Seu, ^^Se uma mis-tura de aves e Es-feras Trans-di-men-sion-ais
 []


Overfull \hbox (22.06616pt too wide) in paragraph at lines 148--149
\OT1/cmr/m/n/12 voando to-das em bando. Ora sobem, de-scem, ora vi-ram e rodopiam im-preg-nadas
 []

[29 <./images//bolhas.png>])
Overfull \hbox (0.79047pt too wide) in paragraph at lines 188--100
[]\OT1/cmr/m/n/12 Apenas o Sol desliza na qui-etude do c^^Seu azul, ofertando-se em Eternidade
 []

[30] (elements/mas_afinal_o_que_e_o_amor.tex [31

]
Overfull \hbox (10.80428pt too wide) in paragraph at lines 27--28
\OT1/cmr/m/n/12 \Povo das Es-tre-las", ^^Ras plan-tas, \Plan-tas das Es-tre-las", aos an-i-mais, \An-i-mais
 []


Overfull \hbox (2.21776pt too wide) in paragraph at lines 37--38
[]\OT1/cmr/m/n/12 | Voc^es s~ao seres per-feitos. S~ao pe-quen-i-nas criat-uras muito or-ga-ni-zadas,
 []


Overfull \hbox (4.04321pt too wide) in paragraph at lines 47--48
[]\OT1/cmr/m/n/12 | Gaia, in-ces-san-te-mente, cria a sua obra grandiosa com muita serenidade
 []

[32]
Overfull \hbox (48.34691pt too wide) in paragraph at lines 49--50
[]\OT1/cmr/m/n/12 | Amor, ^^Se o Sol que per-manece no c^^Seu, dia ap^^Sos dia, ir-ra-diando in-in-ter-rup-ta-mente
 []

<images//coracao.png, id=142, 126.7134pt x 111.2958pt>
File: images//coracao.png Graphic file (type png)
<use images//coracao.png>
Package pdftex.def Info: images//coracao.png  used on input line 71.
(pdftex.def)             Requested size: 325.55234pt x 285.99802pt.

LaTeX Warning: `h' float specifier changed to `ht'.

) [33] [34 <./images//coracao.png>] (elements/a_despedida_do_jardim.tex
Overfull \hbox (8.48436pt too wide) in paragraph at lines 1--3
\OT1/cmr/m/n/12 na-tureza e com ela. Agora o sol est^^Sa pr^^Soximo do hor-i-zonte, quase a despedir-se
 []


Overfull \hbox (4.05432pt too wide) in paragraph at lines 37--38
[]\OT1/cmr/m/n/12 Mas da mais genu^^S^^Pna Ess^encia, que mesmo sem exig^encias ou ex-pec-ta-ti-vas 
 []

[35

]
<images//ultima.jpg, id=153, 2357.05594pt x 1825.57031pt>
File: images//ultima.jpg Graphic file (type jpg)
<use images//ultima.jpg>
Package pdftex.def Info: images//ultima.jpg  used on input line 73.
(pdftex.def)             Requested size: 325.55234pt x 252.12396pt.
 [36 <./images//ultima.jpg>]) [37] [38

] (elements/epilogo.tex
Overfull \hbox (5.65985pt too wide) in paragraph at lines 7--8
[]\OT1/cmr/m/n/12 S~ao pe-quenos an-i-mais in-teligentes, or-ga-ni-za-dos e co-op-er-antes, em sin-to-nia
 []


Overfull \hbox (0.17241pt too wide) in paragraph at lines 13--14
[]\OT1/cmr/m/n/12 Os in-se-tos cuidam uns dos out-ros e da Na-tureza com ded-ica^^Xc~ao, re-movem
 []

) [39] [40

] (elements/sinopse.tex)
Overfull \hbox (7.28345pt too wide) in paragraph at lines 9--113
\OT1/cmr/m/n/12 vivem e misturar-se com eles, sentindo as-sim a Unidade, o Amor e a fragr^ancia
 []

[41]
\tf@toc=\write4
\openout4 = `eu_sou_eu.toc'.

 (eu_sou_eu.aux) ) 
Here is how much of TeX's memory you used:
 5925 strings out of 477992
 94116 string characters out of 2827466
 422686 words of memory out of 3000000
 24633 multiletter control sequences out of 15000+600000
 475411 words of font info for 48 fonts, out of 8000000 for 9000
 1141 hyphenation exceptions out of 8191
 60i,12n,67p,1073b,320s stack positions out of 10000i,1000n,20000p,200000b,80000s
 <C:\Users\ricar\AppData\Local\MiKTeX\fonts/pk/ljfour/jknappen/ec/dpi600\tcrm1200.pk><C:/Users/ricar/AppData/Local/Programs/MiKTeX/fonts/type1/public/amsfonts/cm/cmbx12.pfb><C:/Users/ricar/AppData/Local/Programs/MiKTeX/fonts/type1/public/amsfonts/cm/cmr12.pfb><C:/Users/ricar/AppData/Local/Programs/MiKTeX/fonts/type1/public/amsfonts/cm/cmti12.pfb>
Output written on eu_sou_eu.pdf (47 pages, 3709730 bytes).
PDF statistics:
 193 PDF objects out of 1000 (max. 8388607)
 0 named destinations out of 1000 (max. 500000)
 56 words of extra memory for PDF output out of 10000 (max. 10000000)

